1607684408061	geckodriver	INFO	Listening on 127.0.0.1:51280
1607684411136	mozrunner::runner	INFO	Running command: "C:\\Program Files\\Mozilla Firefox\\firefox.exe" "--marionette" "-foreground" "-no-remote" "-profile" "C:\\Users\\DEMETR~1\\AppData\\Local\\Temp\\rust_mozprofile5y0WCk"
Can't find symbol 'eglSwapBuffersWithDamageEXT'.
Can't find symbol 'eglSetDamageRegionKHR'.
JavaScript error: resource://gre/modules/XULStore.jsm, line 66: Error: Can't find profile directory.
console.warn: SearchSettings: "get: No settings file exists, new profile?" (new Error("", "(unknown module)"))
1607684412967	Marionette	INFO	Listening on port 51288
1607684413191	Marionette	WARN	TLS certificate errors will be ignored for this session
1607684428303	Marionette	INFO	Stopped listening on port 51288

###!!! [Child][RunMessage] Error: Channel closing: too late to send/recv, messages will be lost


###!!! [Child][MessageChannel::SendAndWait] Error: Channel error: cannot send/recv

1607684475407	geckodriver	INFO	Listening on 127.0.0.1:51418
1607684478489	mozrunner::runner	INFO	Running command: "C:\\Program Files\\Mozilla Firefox\\firefox.exe" "--marionette" "-foreground" "-no-remote" "-profile" "C:\\Users\\DEMETR~1\\AppData\\Local\\Temp\\rust_mozprofileEtrexo"
Can't find symbol 'eglSwapBuffersWithDamageEXT'.
Can't find symbol 'eglSetDamageRegionKHR'.
JavaScript error: resource://gre/modules/XULStore.jsm, line 66: Error: Can't find profile directory.
console.warn: SearchSettings: "get: No settings file exists, new profile?" (new Error("", "(unknown module)"))
1607684480378	Marionette	INFO	Listening on port 51426
1607684480521	Marionette	WARN	TLS certificate errors will be ignored for this session
1607684481616	Marionette	INFO	Stopped listening on port 51426

###!!! [Child][RunMessage] Error: Channel closing: too late to send/recv, messages will be lost


###!!! [Child][MessageChannel::SendAndWait] Error: Channel error: cannot send/recv

1607684573004	geckodriver	INFO	Listening on 127.0.0.1:51538
1607684576065	mozrunner::runner	INFO	Running command: "C:\\Program Files\\Mozilla Firefox\\firefox.exe" "--marionette" "-foreground" "-no-remote" "-profile" "C:\\Users\\DEMETR~1\\AppData\\Local\\Temp\\rust_mozprofilexlOui9"
Can't find symbol 'eglSwapBuffersWithDamageEXT'.
Can't find symbol 'eglSetDamageRegionKHR'.
JavaScript error: resource://gre/modules/XULStore.jsm, line 66: Error: Can't find profile directory.
console.warn: SearchSettings: "get: No settings file exists, new profile?" (new Error("", "(unknown module)"))
1607684577802	Marionette	INFO	Listening on port 51546
1607684578110	Marionette	WARN	TLS certificate errors will be ignored for this session
1607684578520	Marionette	INFO	Stopped listening on port 51546

###!!! [Child][MessageChannel::SendAndWait] Error: Channel error: cannot send/recv

1607684588175	geckodriver	INFO	Listening on 127.0.0.1:51584
1607684591243	mozrunner::runner	INFO	Running command: "C:\\Program Files\\Mozilla Firefox\\firefox.exe" "--marionette" "-foreground" "-no-remote" "-profile" "C:\\Users\\DEMETR~1\\AppData\\Local\\Temp\\rust_mozprofilejoepws"
Can't find symbol 'eglSwapBuffersWithDamageEXT'.
Can't find symbol 'eglSetDamageRegionKHR'.
JavaScript error: resource://gre/modules/XULStore.jsm, line 66: Error: Can't find profile directory.
console.warn: SearchSettings: "get: No settings file exists, new profile?" (new Error("", "(unknown module)"))
1607684593028	Marionette	INFO	Listening on port 51592
1607684593308	Marionette	WARN	TLS certificate errors will be ignored for this session
1607684609467	Marionette	INFO	Stopped listening on port 51592

###!!! [Child][RunMessage] Error: Channel closing: too late to send/recv, messages will be lost


###!!! [Child][MessageChannel::SendAndWait] Error: Channel error: cannot send/recv

1607684681240	geckodriver	INFO	Listening on 127.0.0.1:51684
1607684684309	mozrunner::runner	INFO	Running command: "C:\\Program Files\\Mozilla Firefox\\firefox.exe" "--marionette" "-foreground" "-no-remote" "-profile" "C:\\Users\\DEMETR~1\\AppData\\Local\\Temp\\rust_mozprofileAqbNxl"
Can't find symbol 'eglSwapBuffersWithDamageEXT'.
Can't find symbol 'eglSetDamageRegionKHR'.
JavaScript error: resource://gre/modules/XULStore.jsm, line 66: Error: Can't find profile directory.
console.warn: SearchSettings: "get: No settings file exists, new profile?" (new Error("", "(unknown module)"))
1607684686118	Marionette	INFO	Listening on port 51692
1607684686370	Marionette	WARN	TLS certificate errors will be ignored for this session
1607684694090	Marionette	INFO	Stopped listening on port 51692

###!!! [Child][RunMessage] Error: Channel closing: too late to send/recv, messages will be lost


###!!! [Child][MessageChannel::SendAndWait] Error: Channel error: cannot send/recv

1607684923568	geckodriver	INFO	Listening on 127.0.0.1:51809
1607684926626	mozrunner::runner	INFO	Running command: "C:\\Program Files\\Mozilla Firefox\\firefox.exe" "--marionette" "-foreground" "-no-remote" "-profile" "C:\\Users\\DEMETR~1\\AppData\\Local\\Temp\\rust_mozprofilesvQi0c"
Can't find symbol 'eglSwapBuffersWithDamageEXT'.
Can't find symbol 'eglSetDamageRegionKHR'.
JavaScript error: resource://gre/modules/XULStore.jsm, line 66: Error: Can't find profile directory.
console.warn: SearchSettings: "get: No settings file exists, new profile?" (new Error("", "(unknown module)"))
1607684928421	Marionette	INFO	Listening on port 51817
1607684928666	Marionette	WARN	TLS certificate errors will be ignored for this session
1607684931025	Marionette	INFO	Stopped listening on port 51817

###!!! [Child][RunMessage] Error: Channel closing: too late to send/recv, messages will be lost


###!!! [Child][MessageChannel::SendAndWait] Error: Channel error: cannot send/recv

1607685029615	geckodriver	INFO	Listening on 127.0.0.1:51995
1607685032698	mozrunner::runner	INFO	Running command: "C:\\Program Files\\Mozilla Firefox\\firefox.exe" "--marionette" "-foreground" "-no-remote" "-profile" "C:\\Users\\DEMETR~1\\AppData\\Local\\Temp\\rust_mozprofile7wxpj3"
Can't find symbol 'eglSwapBuffersWithDamageEXT'.
Can't find symbol 'eglSetDamageRegionKHR'.
JavaScript error: resource://gre/modules/XULStore.jsm, line 66: Error: Can't find profile directory.
console.warn: SearchSettings: "get: No settings file exists, new profile?" (new Error("", "(unknown module)"))
1607685034603	Marionette	INFO	Listening on port 52003
1607685034742	Marionette	WARN	TLS certificate errors will be ignored for this session
1607685035274	Marionette	INFO	Stopped listening on port 52003

###!!! [Child][RunMessage] Error: Channel closing: too late to send/recv, messages will be lost


###!!! [Child][MessageChannel::SendAndWait] Error: Channel error: cannot send/recv

1607685056111	geckodriver	INFO	Listening on 127.0.0.1:52075
1607685059202	mozrunner::runner	INFO	Running command: "C:\\Program Files\\Mozilla Firefox\\firefox.exe" "--marionette" "-foreground" "-no-remote" "-profile" "C:\\Users\\DEMETR~1\\AppData\\Local\\Temp\\rust_mozprofileyUdD0Q"
Can't find symbol 'eglSwapBuffersWithDamageEXT'.
Can't find symbol 'eglSetDamageRegionKHR'.
JavaScript error: resource://gre/modules/XULStore.jsm, line 66: Error: Can't find profile directory.
console.warn: SearchSettings: "get: No settings file exists, new profile?" (new Error("", "(unknown module)"))
1607685060980	Marionette	INFO	Listening on port 52083
1607685061235	Marionette	WARN	TLS certificate errors will be ignored for this session
1607685064206	Marionette	INFO	Stopped listening on port 52083

###!!! [Child][RunMessage] Error: Channel closing: too late to send/recv, messages will be lost


###!!! [Child][MessageChannel::SendAndWait] Error: Channel error: cannot send/recv

1607685128409	geckodriver	INFO	Listening on 127.0.0.1:52224
1607685131505	mozrunner::runner	INFO	Running command: "C:\\Program Files\\Mozilla Firefox\\firefox.exe" "--marionette" "-foreground" "-no-remote" "-profile" "C:\\Users\\DEMETR~1\\AppData\\Local\\Temp\\rust_mozprofilecESsuk"
Can't find symbol 'eglSwapBuffersWithDamageEXT'.
Can't find symbol 'eglSetDamageRegionKHR'.
JavaScript error: resource://gre/modules/XULStore.jsm, line 66: Error: Can't find profile directory.
console.warn: SearchSettings: "get: No settings file exists, new profile?" (new Error("", "(unknown module)"))
1607685133235	Marionette	INFO	Listening on port 52232
1607685133556	Marionette	WARN	TLS certificate errors will be ignored for this session
1607685144497	Marionette	INFO	Stopped listening on port 52232

###!!! [Child][MessageChannel::SendAndWait] Error: Channel error: cannot send/recv

1607685373768	geckodriver	INFO	Listening on 127.0.0.1:52435
1607685376838	mozrunner::runner	INFO	Running command: "C:\\Program Files\\Mozilla Firefox\\firefox.exe" "--marionette" "-foreground" "-no-remote" "-profile" "C:\\Users\\DEMETR~1\\AppData\\Local\\Temp\\rust_mozprofile9wE8o8"
Can't find symbol 'eglSwapBuffersWithDamageEXT'.
Can't find symbol 'eglSetDamageRegionKHR'.
JavaScript error: resource://gre/modules/XULStore.jsm, line 66: Error: Can't find profile directory.
console.warn: SearchSettings: "get: No settings file exists, new profile?" (new Error("", "(unknown module)"))
1607685378639	Marionette	INFO	Listening on port 52444
1607685378878	Marionette	WARN	TLS certificate errors will be ignored for this session
1607685385789	Marionette	INFO	Stopped listening on port 52444

###!!! [Child][MessageChannel::SendAndWait] Error: Channel error: cannot send/recv

1607685422514	geckodriver	INFO	Listening on 127.0.0.1:52555
1607685425595	mozrunner::runner	INFO	Running command: "C:\\Program Files\\Mozilla Firefox\\firefox.exe" "--marionette" "-foreground" "-no-remote" "-profile" "C:\\Users\\DEMETR~1\\AppData\\Local\\Temp\\rust_mozprofileO63RNI"
Can't find symbol 'eglSwapBuffersWithDamageEXT'.
Can't find symbol 'eglSetDamageRegionKHR'.
JavaScript error: resource://gre/modules/XULStore.jsm, line 66: Error: Can't find profile directory.
console.warn: SearchSettings: "get: No settings file exists, new profile?" (new Error("", "(unknown module)"))
1607685427384	Marionette	INFO	Listening on port 52563
1607685427655	Marionette	WARN	TLS certificate errors will be ignored for this session
1607685460378	Marionette	INFO	Stopped listening on port 52563

###!!! [Child][RunMessage] Error: Channel closing: too late to send/recv, messages will be lost


###!!! [Child][MessageChannel::SendAndWait] Error: Channel error: cannot send/recv

1607685651631	geckodriver	INFO	Listening on 127.0.0.1:52869
1607685654711	mozrunner::runner	INFO	Running command: "C:\\Program Files\\Mozilla Firefox\\firefox.exe" "--marionette" "-foreground" "-no-remote" "-profile" "C:\\Users\\DEMETR~1\\AppData\\Local\\Temp\\rust_mozprofileO7gp7C"
Can't find symbol 'eglSwapBuffersWithDamageEXT'.
Can't find symbol 'eglSetDamageRegionKHR'.
JavaScript error: resource://gre/modules/XULStore.jsm, line 66: Error: Can't find profile directory.
console.warn: SearchSettings: "get: No settings file exists, new profile?" (new Error("", "(unknown module)"))
1607685656525	Marionette	INFO	Listening on port 52877
1607685656759	Marionette	WARN	TLS certificate errors will be ignored for this session
JavaScript error: https://s7.addthis.com/js/300/addthis_widget.js#pubid=ra-5eac03b1ca119da4, line 70: NS_ERROR_NOT_INITIALIZED: 
1607685658808	Marionette	INFO	Stopped listening on port 52877

###!!! [Child][RunMessage] Error: Channel closing: too late to send/recv, messages will be lost


###!!! [Child][MessageChannel::SendAndWait] Error: Channel error: cannot send/recv

1607685660753	geckodriver	INFO	Listening on 127.0.0.1:52919
1607685663819	mozrunner::runner	INFO	Running command: "C:\\Program Files\\Mozilla Firefox\\firefox.exe" "--marionette" "-foreground" "-no-remote" "-profile" "C:\\Users\\DEMETR~1\\AppData\\Local\\Temp\\rust_mozprofileu298N8"
Can't find symbol 'eglSwapBuffersWithDamageEXT'.
Can't find symbol 'eglSetDamageRegionKHR'.
JavaScript error: resource://gre/modules/XULStore.jsm, line 66: Error: Can't find profile directory.
console.warn: SearchSettings: "get: No settings file exists, new profile?" (new Error("", "(unknown module)"))
1607685665689	Marionette	INFO	Listening on port 52927
1607685665869	Marionette	WARN	TLS certificate errors will be ignored for this session
1607685671792	Marionette	INFO	Stopped listening on port 52927

###!!! [Child][RunMessage] Error: Channel closing: too late to send/recv, messages will be lost


###!!! [Child][MessageChannel::SendAndWait] Error: Channel error: cannot send/recv

1607685925314	geckodriver	INFO	Listening on 127.0.0.1:53069
1607685928393	mozrunner::runner	INFO	Running command: "C:\\Program Files\\Mozilla Firefox\\firefox.exe" "--marionette" "-foreground" "-no-remote" "-profile" "C:\\Users\\DEMETR~1\\AppData\\Local\\Temp\\rust_mozprofileUZgj92"
Can't find symbol 'eglSwapBuffersWithDamageEXT'.
Can't find symbol 'eglSetDamageRegionKHR'.
JavaScript error: resource://gre/modules/XULStore.jsm, line 66: Error: Can't find profile directory.
console.warn: SearchSettings: "get: No settings file exists, new profile?" (new Error("", "(unknown module)"))
1607685930153	Marionette	INFO	Listening on port 53077
1607685930442	Marionette	WARN	TLS certificate errors will be ignored for this session
1607685935102	Marionette	INFO	Stopped listening on port 53077

###!!! [Child][RunMessage] Error: Channel closing: too late to send/recv, messages will be lost


###!!! [Child][MessageChannel::SendAndWait] Error: Channel error: cannot send/recv

1607685943845	geckodriver	INFO	Listening on 127.0.0.1:53141
1607685946891	mozrunner::runner	INFO	Running command: "C:\\Program Files\\Mozilla Firefox\\firefox.exe" "--marionette" "-foreground" "-no-remote" "-profile" "C:\\Users\\DEMETR~1\\AppData\\Local\\Temp\\rust_mozprofile52m2xH"
Can't find symbol 'eglSwapBuffersWithDamageEXT'.
Can't find symbol 'eglSetDamageRegionKHR'.
JavaScript error: resource://gre/modules/XULStore.jsm, line 66: Error: Can't find profile directory.
console.warn: SearchSettings: "get: No settings file exists, new profile?" (new Error("", "(unknown module)"))
1607685948682	Marionette	INFO	Listening on port 53149
1607685948931	Marionette	WARN	TLS certificate errors will be ignored for this session
1607685952864	Marionette	INFO	Stopped listening on port 53149

###!!! [Child][RunMessage] Error: Channel closing: too late to send/recv, messages will be lost


###!!! [Child][MessageChannel::SendAndWait] Error: Channel error: cannot send/recv

1607685979801	geckodriver	INFO	Listening on 127.0.0.1:53261
1607685982875	mozrunner::runner	INFO	Running command: "C:\\Program Files\\Mozilla Firefox\\firefox.exe" "--marionette" "-foreground" "-no-remote" "-profile" "C:\\Users\\DEMETR~1\\AppData\\Local\\Temp\\rust_mozprofilehzXU3M"
Can't find symbol 'eglSwapBuffersWithDamageEXT'.
Can't find symbol 'eglSetDamageRegionKHR'.
JavaScript error: resource://gre/modules/XULStore.jsm, line 66: Error: Can't find profile directory.
console.warn: SearchSettings: "get: No settings file exists, new profile?" (new Error("", "(unknown module)"))
1607685984741	Marionette	INFO	Listening on port 53269
1607685984923	Marionette	WARN	TLS certificate errors will be ignored for this session
1607686004921	Marionette	INFO	Stopped listening on port 53269

###!!! [Child][RunMessage] Error: Channel closing: too late to send/recv, messages will be lost


###!!! [Child][MessageChannel::SendAndWait] Error: Channel error: cannot send/recv

1607686041119	geckodriver	INFO	Listening on 127.0.0.1:53344
1607686044169	mozrunner::runner	INFO	Running command: "C:\\Program Files\\Mozilla Firefox\\firefox.exe" "--marionette" "-foreground" "-no-remote" "-profile" "C:\\Users\\DEMETR~1\\AppData\\Local\\Temp\\rust_mozprofileLIAAqG"
Can't find symbol 'eglSwapBuffersWithDamageEXT'.
Can't find symbol 'eglSetDamageRegionKHR'.
JavaScript error: resource://gre/modules/XULStore.jsm, line 66: Error: Can't find profile directory.
console.warn: SearchSettings: "get: No settings file exists, new profile?" (new Error("", "(unknown module)"))
1607686045948	Marionette	INFO	Listening on port 53352
1607686046220	Marionette	WARN	TLS certificate errors will be ignored for this session
1607686051727	Marionette	INFO	Stopped listening on port 53352

###!!! [Child][RunMessage] Error: Channel closing: too late to send/recv, messages will be lost


###!!! [Child][MessageChannel::SendAndWait] Error: Channel error: cannot send/recv

1607686085939	geckodriver	INFO	Listening on 127.0.0.1:53437
1607686088989	mozrunner::runner	INFO	Running command: "C:\\Program Files\\Mozilla Firefox\\firefox.exe" "--marionette" "-foreground" "-no-remote" "-profile" "C:\\Users\\DEMETR~1\\AppData\\Local\\Temp\\rust_mozprofileoyusGn"
Can't find symbol 'eglSwapBuffersWithDamageEXT'.
Can't find symbol 'eglSetDamageRegionKHR'.
JavaScript error: resource://gre/modules/XULStore.jsm, line 66: Error: Can't find profile directory.
console.warn: SearchSettings: "get: No settings file exists, new profile?" (new Error("", "(unknown module)"))
1607686090787	Marionette	INFO	Listening on port 53447
1607686091051	Marionette	WARN	TLS certificate errors will be ignored for this session
1607686274606	Marionette	INFO	Stopped listening on port 53447

###!!! [Child][RunMessage] Error: Channel closing: too late to send/recv, messages will be lost


###!!! [Child][MessageChannel::SendAndWait] Error: Channel error: cannot send/recv

1607686315802	geckodriver	INFO	Listening on 127.0.0.1:53668
1607686318889	mozrunner::runner	INFO	Running command: "C:\\Program Files\\Mozilla Firefox\\firefox.exe" "--marionette" "-foreground" "-no-remote" "-profile" "C:\\Users\\DEMETR~1\\AppData\\Local\\Temp\\rust_mozprofileYYZeZu"
Can't find symbol 'eglSwapBuffersWithDamageEXT'.
Can't find symbol 'eglSetDamageRegionKHR'.
JavaScript error: resource://gre/modules/XULStore.jsm, line 66: Error: Can't find profile directory.
console.warn: SearchSettings: "get: No settings file exists, new profile?" (new Error("", "(unknown module)"))
1607686320667	Marionette	INFO	Listening on port 53676
1607686320945	Marionette	WARN	TLS certificate errors will be ignored for this session
1607686552111	Marionette	INFO	Stopped listening on port 53676

###!!! [Child][RunMessage] Error: Channel closing: too late to send/recv, messages will be lost


###!!! [Child][MessageChannel::SendAndWait] Error: Channel error: cannot send/recv

l\\Temp\\rust_mozprofileN6g4Wo"
Can't find symbol 'eglSwapBuffersWithDamageEXT'.
Can't find symbol 'eglSetDamageRegionKHR'.
JavaScript error: resource://gre/modules/XULStore.jsm, line 66: Error: Can't find profile directory.
console.warn: SearchSettings: "get: No settings file exists, new profile?" (new Error("", "(unknown module)"))
1607686431792	Marionette	INFO	Listening on port 53829
1607686431965	Marionette	WARN	TLS certificate errors will be ignored for this session
1607686438569	Marionette	INFO	Stopped listening on port 53829

###!!! [Child][RunMessage] Error: Channel closing: too late to send/recv, messages will be lost


###!!! [Child][MessageChannel::SendAndWait] Error: Channel error: cannot send/recv

1607700805214	geckodriver	INFO	Listening on 127.0.0.1:58009
1607700808170	mozrunner::runner	INFO	Running command: "C:\\Program Files\\Mozilla Firefox\\firefox.exe" "--marionette" "-foreground" "-no-remote" "-profile" "C:\\Users\\DEMETR~1\\AppData\\Local\\Temp\\rust_mozprofileA2Tckd"
Can't find symbol 'eglSwapBuffersWithDamageEXT'.
Can't find symbol 'eglSetDamageRegionKHR'.
JavaScript error: resource://gre/modules/XULStore.jsm, line 66: Error: Can't find profile directory.
console.warn: SearchSettings: "get: No settings file exists, new profile?" (new Error("", "(unknown module)"))
1607700810524	Marionette	INFO	Listening on port 58017
1607700810856	Marionette	WARN	TLS certificate errors will be ignored for this session
JavaScript error: resource://gre/modules/XULStore.jsm, line 66: Error: Can't find profile directory.
JavaScript error: resource://gre/modules/XULStore.jsm, line 66: Error: Can't find profile directory.
JavaScript error: resource://gre/modules/XULStore.jsm, line 66: Error: Can't find profile directory.
JavaScript error: resource://gre/modules/XULStore.jsm, line 66: Error: Can't find profile directory.
JavaScript error: resource://gre/modules/XULStore.jsm, line 66: Error: Can't find profile directory.
1607700823900	Marionette	INFO	Stopped listening on port 58017

###!!! [Child][RunMessage] Error: Channel closing: too late to send/recv, messages will be lost


###!!! [Child][MessageChannel::SendAndWait] Error: Channel error: cannot send/recv

1607701004711	geckodriver	INFO	Listening on 127.0.0.1:58201
1607701007764	mozrunner::runner	INFO	Running command: "C:\\Program Files\\Mozilla Firefox\\firefox.exe" "--marionette" "-foreground" "-no-remote" "-profile" "C:\\Users\\DEMETR~1\\AppData\\Local\\Temp\\rust_mozprofilegGnFCK"
Can't find symbol 'eglSwapBuffersWithDamageEXT'.
Can't find symbol 'eglSetDamageRegionKHR'.
JavaScript error: resource://gre/modules/XULStore.jsm, line 66: Error: Can't find profile directory.
console.warn: SearchSettings: "get: No settings file exists, new profile?" (new Error("", "(unknown module)"))
1607701010606	Marionette	INFO	Listening on port 58209
1607701010939	Marionette	WARN	TLS certificate errors will be ignored for this session
JavaScript error: resource://gre/modules/XULStore.jsm, line 66: Error: Can't find profile directory.
JavaScript error: resource://gre/modules/XULStore.jsm, line 66: Error: Can't find profile directory.
JavaScript error: resource://gre/modules/XULStore.jsm, line 66: Error: Can't find profile directory.
JavaScript error: resource://gre/modules/XULStore.jsm, line 66: Error: Can't find profile directory.
JavaScript error: resource://gre/modules/XULStore.jsm, line 66: Error: Can't find profile directory.
1607701425350	Marionette	INFO	Stopped listening on port 58209

###!!! [Child][RunMessage] Error: Channel closing: too late to send/recv, messages will be lost


###!!! [Child][MessageChannel::SendAndWait] Error: Channel error: cannot send/recv

l\\Temp\\rust_mozprofile4HhXIr"
Can't find symbol 'eglSwapBuffersWithDamageEXT'.
Can't find symbol 'eglSetDamageRegionKHR'.
JavaScript error: resource://gre/modules/XULStore.jsm, line 66: Error: Can't find profile directory.
console.warn: SearchSettings: "get: No settings file exists, new profile?" (new Error("", "(unknown module)"))
1607701162744	Marionette	INFO	Listening on port 58359
1607701163040	Marionette	WARN	TLS certificate errors will be ignored for this session
1607701175270	Marionette	INFO	Stopped listening on port 58359

###!!! [Child][RunMessage] Error: Channel closing: too late to send/recv, messages will be lost


###!!! [Child][MessageChannel::SendAndWait] Error: Channel error: cannot send/recv

1607701421823	geckodriver	INFO	Listening on 127.0.0.1:59026
1607701424867	mozrunner::runner	INFO	Running command: "C:\\Program Files\\Mozilla Firefox\\firefox.exe" "--marionette" "-foreground" "-no-remote" "-profile" "C:\\Users\\DEMETR~1\\AppData\\Local\\Temp\\rust_mozprofileabeAlD"
Can't find symbol 'eglSwapBuffersWithDamageEXT'.
Can't find symbol 'eglSetDamageRegionKHR'.
JavaScript error: resource://gre/modules/XULStore.jsm, line 66: Error: Can't find profile directory.
console.warn: SearchSettings: "get: No settings file exists, new profile?" (new Error("", "(unknown module)"))
1607701427333	Marionette	INFO	Listening on port 59034
1607701427564	Marionette	WARN	TLS certificate errors will be ignored for this session
1607701442503	Marionette	INFO	Stopped listening on port 59034

###!!! [Child][RunMessage] Error: Channel closing: too late to send/recv, messages will be lost


###!!! [Child][MessageChannel::SendAndWait] Error: Channel error: cannot send/recv

1607701460296	geckodriver	INFO	Listening on 127.0.0.1:59128
1607701463361	mozrunner::runner	INFO	Running command: "C:\\Program Files\\Mozilla Firefox\\firefox.exe" "--marionette" "-foreground" "-no-remote" "-profile" "C:\\Users\\DEMETR~1\\AppData\\Local\\Temp\\rust_mozprofilerDqQU2"
Can't find symbol 'eglSwapBuffersWithDamageEXT'.
Can't find symbol 'eglSetDamageRegionKHR'.
JavaScript error: resource://gre/modules/XULStore.jsm, line 66: Error: Can't find profile directory.
console.warn: SearchSettings: "get: No settings file exists, new profile?" (new Error("", "(unknown module)"))
1607701465044	Marionette	INFO	Listening on port 59136
1607701465404	Marionette	WARN	TLS certificate errors will be ignored for this session
1607701480358	Marionette	INFO	Stopped listening on port 59136

###!!! [Child][RunMessage] Error: Channel closing: too late to send/recv, messages will be lost


###!!! [Child][MessageChannel::SendAndWait] Error: Channel error: cannot send/recv

1607701518825	geckodriver	INFO	Listening on 127.0.0.1:59247
1607701521901	mozrunner::runner	INFO	Running command: "C:\\Program Files\\Mozilla Firefox\\firefox.exe" "--marionette" "-foreground" "-no-remote" "-profile" "C:\\Users\\DEMETR~1\\AppData\\Local\\Temp\\rust_mozprofilepSU8ci"
Can't find symbol 'eglSwapBuffersWithDamageEXT'.
Can't find symbol 'eglSetDamageRegionKHR'.
JavaScript error: resource://gre/modules/XULStore.jsm, line 66: Error: Can't find profile directory.
console.warn: SearchSettings: "get: No settings file exists, new profile?" (new Error("", "(unknown module)"))
1607701523537	Marionette	INFO	Listening on port 59255
1607701523979	Marionette	WARN	TLS certificate errors will be ignored for this session
1607701550622	Marionette	INFO	Stopped listening on port 59251607701552379	mozrunner::runner	INFO	Running command: "C:\\Program Files\\Mozilla Firefox\\firefox.exe" "--marionette" "-foreground" "-no-remote" "-profile" "C:\\Users\\DEMETR~1\\AppData\\Local\\Temp\\rust_mozprofilermyS24"
Can't find symbol 'eglSwapBuffersWithDamageEXT'.
Can't find symbol 'eglSetDamageRegionKHR'.
JavaScript error: resource://gre/modules/XULStore.jsm, line 66: Error: Can't find profile directory.
console.warn: SearchSettings: "get: No settings file exists, new profile?" (new Error("", "(unknown module)"))
1607701553998	Marionette	INFO	Listening on port 59333
1607701554446	Marionette	WARN	TLS certificate errors will be ignored for this session
1607701601333	Marionette	INFO	Stopped listening on port 59333

###!!! [Child][RunMessage] Error: Channel closing: too late to send/recv, messages will be lost


###!!! [Child][MessageChannel::SendAndWait] Error: Channel error: cannot send/recv

l\\Temp\\rust_mozprofileSGWo88"
Can't find symbol 'eglSwapBuffersWithDamageEXT'.
Can't find symbol 'eglSetDamageRegionKHR'.
JavaScript error: resource://gre/modules/XULStore.jsm, line 66: Error: Can't find profile directory.
console.warn: SearchSettings: "get: No settings file exists, new profile?" (new Error("", "(unknown module)"))
1607701571073	Marionette	INFO	Listening on port 59400
1607701571526	Marionette	WARN	TLS certificate errors will be ignored for this session
1607701583749	Marionette	INFO	Stopped listening on port 59400

###!!! [Child][RunMessage] Error: Channel closing: too late to send/recv, messages will be lost


###!!! [Child][MessageChannel::SendAndWait] Error: Channel error: cannot send/recv

1607701876593	geckodriver	INFO	Listening on 127.0.0.1:59891
1607701879681	mozrunner::runner	INFO	Running command: "C:\\Program Files\\Mozilla Firefox\\firefox.exe" "--marionette" "-foreground" "-no-remote" "-profile" "C:\\Users\\DEMETR~1\\AppData\\Local\\Temp\\rust_mozprofileepKu6w"
Can't find symbol 'eglSwapBuffersWithDamageEXT'.
Can't find symbol 'eglSetDamageRegionKHR'.
JavaScript error: resource://gre/modules/XULStore.jsm, line 66: Error: Can't find profile directory.
console.warn: SearchSettings: "get: No settings file exists, new profile?" (new Error("", "(unknown module)"))
1607701881943	Marionette	INFO	Listening on port 59900
1607701882455	Marionette	WARN	TLS certificate errors will be ignored for this session
JavaScript error: resource://gre/modules/XULStore.jsm, line 66: Error: Can't find profile directory.
JavaScript error: resource://gre/modules/XULStore.jsm, line 66: Error: Can't find profile directory.
JavaScript error: resource://gre/modules/XULStore.jsm, line 66: Error: Can't find profile directory.
JavaScript error: resource://gre/modules/XULStore.jsm, line 66: Error: Can't find profile directory.
JavaScript error: resource://gre/modules/XULStore.jsm, line 66: Error: Can't find profile directory.
1607701894210	Marionette	INFO	Stopped listening on port 59900

###!!! [Child][MessageChannel::SendAndWait] Error: Channel error: cannot send/recv

1607701898908	geckodriver	INFO	Listening on 127.0.0.1:59970
1607701901997	mozrunner::runner	INFO	Running command: "C:\\Program Files\\Mozilla Firefox\\firefox.exe" "--marionette" "-foreground" "-no-remote" "-profile" "C:\\Users\\DEMETR~1\\AppData\\Local\\Temp\\rust_mozprofiled5sPqq"
Can't find symbol 'eglSwapBuffersWithDamageEXT'.
Can't find symbol 'eglSetDamageRegionKHR'.
JavaScript error: resource://gre/modules/XULStore.jsm, line 66: Error: Can't find profile directory.
console.warn: SearchSettings: "get: No settings file exists, new profile?" (new Error("", "(unknown module)"))
1607701903665	Marionette	INFO	Listening on port 59978
1607701904055	Marionette	WARN	TLS certificate errors will be ignored for this session
1607701914102	Marionette	INFO	Stopped listening on port 59978

###!!! [Child][RunMessage] Error: Channel closing: too late to send/recv, messages will be lost


###!!! [Child][MessageChannel::SendAndWait] Error: Channel error: cannot send/recv

1607702831195	geckodriver	INFO	Listening on 127.0.0.1:61658
1607702834307	mozrunner::runner	INFO	Running command: "C:\\Program Files\\Mozilla Firefox\\firefox.exe" "--marionette" "-foreground" "-no-remote" "-profile" "C:\\Users\\DEMETR~1\\AppData\\Local\\Temp\\rust_mozprofileMpJfAI"
Can't find symbol 'eglSwapBuffersWithDamageEXT'.
Can't find symbol 'eglSetDamageRegionKHR'.
JavaScript error: resource://gre/modules/XULStore.jsm, line 66: Error: Can't find profile directory.
console.warn: SearchSettings: "get: No settings file exists, new profile?" (new Error("", "(unknown module)"))
1607702836965	Marionette	INFO	Listening on port 61666
1607702836996	Marionette	WARN	TLS certificate errors will be ignored for this session
JavaScript error: resource://gre/modules/XULStore.jsm, line 66: Error: Can't find profile directory.
JavaScript error: resource://gre/modules/XULStore.jsm, line 66: Error: Can't find profile directory.
JavaScript error: resource://gre/modules/XULStore.jsm, line 66: Error: Can't find profile directory.
JavaScript error: resource://gre/modules/XULStore.jsm, line 66: Error: Can't find profile directory.
JavaScript error: resource://gre/modules/XULStore.jsm, line 66: Error: Can't find profile directory.
1607702841563	Marionette	INFO	Stopped listening on port 61666

###!!! [Child][RunMessage] Error: Channel closing: too late to send/recv, messages will be lost


###!!! [Child][MessageChannel::SendAndWait] Error: Channel error: cannot send/recv

1607702911774	geckodriver	INFO	Listening on 127.0.0.1:61756
1607702914839	mozrunner::runner	INFO	Running command: "C:\\Program Files\\Mozilla Firefox\\firefox.exe" "--marionette" "-foreground" "-no-remote" "-profile" "C:\\Users\\DEMETR~1\\AppData\\Local\\Temp\\rust_mozprofileBPJtfp"
Can't find symbol 'eglSwapBuffersWithDamageEXT'.
Can't find symbol 'eglSetDamageRegionKHR'.
JavaScript error: resource://gre/modules/XULStore.jsm, line 66: Error: Can't find profile directory.
console.warn: SearchSettings: "get: No settings file exists, new profile?" (new Error("", "(unknown module)"))
1607702916607	Marionette	INFO	Listening on port 61765
1607702916925	Marionette	WARN	TLS certificate errors will be ignored for this session
1607702921800	Marionette	INFO	Stopped listening on port 61765

###!!! [Child][RunMessage] Error: Channel closing: too late to send/recv, messages will be lost


###!!! [Child][MessageChannel::SendAndWait] Error: Channel error: cannot send/recv

1607702985553	geckodriver	INFO	Listening on 127.0.0.1:61849
1607702988634	mozrunner::runner	INFO	Running command: "C:\\Program Files\\Mozilla Firefox\\firefox.exe" "--marionette" "-foreground" "-no-remote" "-profile" "C:\\Users\\DEMETR~1\\AppData\\Local\\Temp\\rust_mozprofileeuqcEw"
Can't find symbol 'eglSwapBuffersWithDamageEXT'.
Can't find symbol 'eglSetDamageRegionKHR'.
JavaScript error: resource://gre/modules/XULStore.jsm, line 66: Error: Can't find profile directory.
console.warn: SearchSettings: "get: No settings file exists, new profile?" (new Error("", "(unknown module)"))
1607702990315	Marionette	INFO	Listening on port 61858
1607702990693	Marionette	WARN	TLS certificate errors will be ignored for this session
1607702994554	Marionette	INFO	Stopped listening on port 61858

###!!! [Child][RunMessage] Error: Channel closing: too late to send/recv, messages will be lost


###!!! [Child][MessageChannel::SendAndWait] Error: Channel error: cannot send/recv

1607703079168	geckodriver	INFO	Listening on 127.0.0.1:61947
1607703082263	mozrunner::runner	INFO	Running command: "C:\\Program Files\\Mozilla Firefox\\firefox.exe" "--marionette" "-foreground" "-no-remote" "-profile" "C:\\Users\\DEMETR~1\\AppData\\Local\\Temp\\rust_mozprofileMUiS1R"
Can't find symbol 'eglSwapBuffersWithDamageEXT'.
Can't find symbol 'eglSetDamageRegionKHR'.
JavaScript error: resource://gre/modules/XULStore.jsm, line 66: Error: Can't find profile directory.
console.warn: SearchSettings: "get: No settings file exists, new profile?" (new Error("", "(unknown module)"))
1607703084284	Marionette	INFO	Listening on port 61956
1607703084313	Marionette	WARN	TLS certificate errors will be ignored for this session
1607703088932	Marionette	INFO	Stopped listening on port 61956

###!!! [Child][RunMessage] Error: Channel closing: too late to send/recv, messages will be lost


###!!! [Child][MessageChannel::SendAndWait] Error: Channel error: cannot send/recv

1607703126114	geckodriver	INFO	Listening on 127.0.0.1:62013
1607703129176	mozrunner::runner	INFO	Running command: "C:\\Program Files\\Mozilla Firefox\\firefox.exe" "--marionette" "-foreground" "-no-remote" "-profile" "C:\\Users\\DEMETR~1\\AppData\\Local\\Temp\\rust_mozprofiledGOM4o"
Can't find symbol 'eglSwapBuffersWithDamageEXT'.
Can't find symbol 'eglSetDamageRegionKHR'.
JavaScript error: resource://gre/modules/XULStore.jsm, line 66: Error: Can't find profile directory.
console.warn: SearchSettings: "get: No settings file exists, new profile?" (new Error("", "(unknown module)"))
1607703130937	Marionette	INFO	Listening on port 62022
1607703131211	Marionette	WARN	TLS certificate errors will be ignored for this session
1607703134425	Marionette	INFO	Stopped listening on port 62022

###!!! [Child][RunMessage] Error: Channel closing: too late to send/recv, messages will be lost


###!!! [Child][MessageChannel::SendAndWait] Error: Channel error: cannot send/recv

1607703145741	geckodriver	INFO	Listening on 127.0.0.1:62081
1607703148831	mozrunner::runner	INFO	Running command: "C:\\Program Files\\Mozilla Firefox\\firefox.exe" "--marionette" "-foreground" "-no-remote" "-profile" "C:\\Users\\DEMETR~1\\AppData\\Local\\Temp\\rust_mozprofileuL8DeV"
Can't find symbol 'eglSwapBuffersWithDamageEXT'.
Can't find symbol 'eglSetDamageRegionKHR'.
JavaScript error: resource://gre/modules/XULStore.jsm, line 66: Error: Can't find profile directory.
console.warn: SearchSettings: "get: No settings file exists, new profile?" (new Error("", "(unknown module)"))
1607703150498	Marionette	INFO	Listening on port 62090
1607703150924	Marionette	WARN	TLS certificate errors will be ignored for this session
1607703154470	Marionette	INFO	Stopped listening on port 62090

###!!! [Child][RunMessage] Error: Channel closing: too late to send/recv, messages will be lost


###!!! [Child][MessageChannel::SendAndWait] Error: Channel error: cannot send/recv

1607703186388	geckodriver	INFO	Listening on 127.0.0.1:62182
1607703189491	mozrunner::runner	INFO	Running command: "C:\\Program Files\\Mozilla Firefox\\firefox.exe" "--marionette" "-foreground" "-no-remote" "-profile" "C:\\Users\\DEMETR~1\\AppData\\Local\\Temp\\rust_mozprofileg0wdMu"
Can't find symbol 'eglSwapBuffersWithDamageEXT'.
Can't find symbol 'eglSetDamageRegionKHR'.
JavaScript error: resource://gre/modules/XULStore.jsm, line 66: Error: Can't find profile directory.
console.warn: SearchSettings: "get: No settings file exists, new profile?" (new Error("", "(unknown module)"))
1607703191157	Marionette	INFO	Listening on port 62190
1607703191553	Marionette	WARN	TLS certificate errors will be ignored for this session
1607703323641	Marionette	INFO	Stopped listening on port 62190

###!!! [Child][RunMessage] Error: Channel closing: too late to send/recv, messages will be lost


###!!! [Child][MessageChannel::SendAndWait] Error: Channel error: cannot send/recv

l\\Temp\\rust_mozprofileHhklQ4"
Can't find symbol 'eglSwapBuffersWithDamageEXT'.
Can't find symbol 'eglSetDamageRegionKHR'.
JavaScript error: resource://gre/modules/XULStore.jsm, line 66: Error: Can't find profile directory.
console.warn: SearchSettings: "get: No settings file exists, new profile?" (new Error("", "(unknown module)"))
1607703324840	Marionette	INFO	Listening on port 62303
1607703325201	Marionette	WARN	TLS certificate errors will be ignored for this session
1607706153577	Marionette	INFO	Stopped listening on port 62303

###!!! [Child][RunMessage] Error: Channel closing: too late to send/recv, messages will be lost


###!!! [Child][MessageChannel::SendAndWait] Error: Channel error: cannot send/recv

l\\Temp\\rust_mozprofileqqiiMX"
Can't find symbol 'eglSwapBuffersWithDamageEXT'.
Can't find symbol 'eglSetDamageRegionKHR'.
JavaScript error: resource://gre/modules/XULStore.jsm, line 66: Error: Can't find profile directory.
console.warn: SearchSettings: "get: No settings file exists, new profile?" (new Error("", "(unknown module)"))
1607705982641	Marionette	INFO	Listening on port 63338
1607705982993	Marionette	WARN	TLS certificate errors will be ignored for this session
1607706154486	Marionette	INFO	Stopped listening on port 63338

###!!! [Child][RunMessage] Error: Channel closing: too late to send/recv, messages will be lost


###!!! [Child][MessageChannel::SendAndWait] Error: Channel error: cannot send/recv

l\\Temp\\rust_mozprofileZpbFZd"
Can't find symbol 'eglSwapBuffersWithDamageEXT'.
Can't find symbol 'eglSetDamageRegionKHR'.
JavaScript error: resource://gre/modules/XULStore.jsm, line 66: Error: Can't find profile directory.
console.warn: SearchSettings: "get: No settings file exists, new profile?" (new Error("", "(unknown module)"))
1607706041273	Marionette	INFO	Listening on port 63417
1607706041709	Marionette	WARN	TLS certificate errors will be ignored for this session
1607706155278	Marionette	INFO	Stopped listening on port 63417

###!!! [Child][RunMessage] Error: Channel closing: too late to send/recv, messages will be lost


###!!! [Child][MessageChannel::SendAndWait] Error: Channel error: cannot send/recv

1607706513790	geckodriver	INFO	Listening on 127.0.0.1:63776
1607706516849	mozrunner::runner	INFO	Running command: "C:\\Program Files\\Mozilla Firefox\\firefox.exe" "--marionette" "-foreground" "-no-remote" "-profile" "C:\\Users\\DEMETR~1\\AppData\\Local\\Temp\\rust_mozprofilenwKF8f"
Can't find symbol 'eglSwapBuffersWithDamageEXT'.
Can't find symbol 'eglSetDamageRegionKHR'.
JavaScript error: resource://gre/modules/XULStore.jsm, line 66: Error: Can't find profile directory.
console.warn: SearchSettings: "get: No settings file exists, new profile?" (new Error("", "(unknown module)"))
1607706518603	Marionette	INFO	Listening on port 63784
1607706518886	Marionette	WARN	TLS certificate errors will be ignored for this session
1607706818192	Marionette	INFO	Stopped listening on port 63784

###!!! [Child][RunMessage] Error: Channel closing: too late to send/recv, messages will be lost


###!!! [Child][MessageChannel::SendAndWait] Error: Channel error: cannot send/recv

l\\Temp\\rust_mozprofile8yYZwG"
Can't find symbol 'eglSwapBuffersWithDamageEXT'.
Can't find symbol 'eglSetDamageRegionKHR'.
JavaScript error: resource://gre/modules/XULStore.jsm, line 66: Error: Can't find profile directory.
console.warn: SearchSettings: "get: No settings file exists, new profile?" (new Error("", "(unknown module)"))
1607706812869	Marionette	INFO	Listening on port 63979
1607706813206	Marionette	WARN	TLS certificate errors will be ignored for this session
1607706830531	Marionette	INFO	Stopped listening on port 63979

###!!! [Child][RunMessage] Error: Channel closing: too late to send/recv, messages will be lost


###!!! [Child][MessageChannel::SendAndWait] Error: Channel error: cannot send/recv

l\\Temp\\rust_mozprofileLBlEJ5"
Can't find symbol 'eglSwapBuffersWithDamageEXT'.
Can't find symbol 'eglSetDamageRegionKHR'.
JavaScript error: resource://gre/modules/XULStore.jsm, line 66: Error: Can't find profile directory.
console.warn: SearchSettings: "get: No settings file exists, new profile?" (new Error("", "(unknown module)"))
1607706831851	Marionette	INFO	Listening on port 64036
1607706832358	Marionette	WARN	TLS certificate errors will be ignored for this session
1607706844313	Marionette	INFO	Stopped listening on port 64036

###!!! [Child][RunMessage] Error: Channel closing: too late to send/recv, messages will be lost


###!!! [Child][MessageChannel::SendAndWait] Error: Channel error: cannot send/recv

1607706845526	geckodriver	INFO	Listening on 127.0.0.1:64098
1607706848609	mozrunner::runner	INFO	Running command: "C:\\Program Files\\Mozilla Firefox\\firefox.exe" "--marionette" "-foreground" "-no-remote" "-profile" "C:\\Users\\DEMETR~1\\AppData\\Local\\Temp\\rust_mozprofileAelVte"
Can't find symbol 'eglSwapBuffersWithDamageEXT'.
Can't find symbol 'eglSetDamageRegionKHR'.
JavaScript error: resource://gre/modules/XULStore.jsm, line 66: Error: Can't find profile directory.
console.warn: SearchSettings: "get: No settings file exists, new profile?" (new Error("", "(unknown module)"))
1607706850186	Marionette	INFO	Listening on port 64106
1607706850679	Marionette	WARN	TLS certificate errors will be ignored for this session
1607706876207	Marionette	INFO	Stopped listening on port 64106

###!!! [Child][RunMessage] Error: Channel closing: too late to send/recv, messages will be lost


###!!! [Child][MessageChannel::SendAndWait] Error: Channel error: cannot send/recv

1607706944399	geckodriver	INFO	Listening on 127.0.0.1:64632
1607706947421	mozrunner::runner	INFO	Running command: "C:\\Program Files\\Mozilla Firefox\\firefox.exe" "--marionette" "-foreground" "-no-remote" "-profile" "C:\\Users\\DEMETR~1\\AppData\\Local\\Temp\\rust_mozprofileVTwGaK"
Can't find symbol 'eglSwapBuffersWithDamageEXT'.
Can't find symbol 'eglSetDamageRegionKHR'.
JavaScript error: resource://gre/modules/XULStore.jsm, line 66: Error: Can't find profile directory.
console.warn: SearchSettings: "get: No settings file exists, new profile?" (new Error("", "(unknown module)"))
1607706949255	Marionette	INFO	Listening on port 64640
1607706949513	Marionette	WARN	TLS certificate errors will be ignored for this session
1607706979652	Marionette	INFO	Stopped listening on port 64640

###!!! [Child][RunMessage] Error: Channel closing: too late to send/recv, messages will be lost


###!!! [Child][MessageChannel::SendAndWait] Error: Channel error: cannot send/recv

l\\Temp\\rust_mozprofileKNoMbi"
Can't find symbol 'eglSwapBuffersWithDamageEXT'.
Can't find symbol 'eglSetDamageRegionKHR'.
JavaScript error: resource://gre/modules/XULStore.jsm, line 66: Error: Can't find profile directory.
console.warn: SearchSettings: "get: No settings file exists, new profile?" (new Error("", "(unknown module)"))
1607706979952	Marionette	INFO	Listening on port 64698
1607706980413	Marionette	WARN	TLS certificate errors will be ignored for this session
1607706997484	Marionette	INFO	Stopped listening on port 64698

###!!! [Child][RunMessage] Error: Channel closing: too late to send/recv, messages will be lost


###!!! [Child][MessageChannel::SendAndWait] Error: Channel error: cannot send/recv

1607706998704	geckodriver	INFO	Listening on 127.0.0.1:64755
1607707001747	mozrunner::runner	INFO	Running command: "C:\\Program Files\\Mozilla Firefox\\firefox.exe" "--marionette" "-foreground" "-no-remote" "-profile" "C:\\Users\\DEMETR~1\\AppData\\Local\\Temp\\rust_mozprofilepGl6Bl"
Can't find symbol 'eglSwapBuffersWithDamageEXT'.
Can't find symbol 'eglSetDamageRegionKHR'.
JavaScript error: resource://gre/modules/XULStore.jsm, line 66: Error: Can't find profile directory.
console.warn: SearchSettings: "get: No settings file exists, new profile?" (new Error("", "(unknown module)"))
1607707003406	Marionette	INFO	Listening on port 64763
1607707003818	Marionette	WARN	TLS certificate errors will be ignored for this session
1607707020886	Marionette	INFO	Stopped listening on port 64763

###!!! [Child][RunMessage] Error: Channel closing: too late to send/recv, messages will be lost


###!!! [Child][MessageChannel::SendAndWait] Error: Channel error: cannot send/recv

1607707054484	geckodriver	INFO	Listening on 127.0.0.1:64820
1607707057530	mozrunner::runner	INFO	Running command: "C:\\Program Files\\Mozilla Firefox\\firefox.exe" "--marionette" "-foreground" "-no-remote" "-profile" "C:\\Users\\DEMETR~1\\AppData\\Local\\Temp\\rust_mozprofileTEDyYh"
Can't find symbol 'eglSwapBuffersWithDamageEXT'.
Can't find symbol 'eglSetDamageRegionKHR'.
JavaScript error: resource://gre/modules/XULStore.jsm, line 66: Error: Can't find profile directory.
console.warn: SearchSettings: "get: No settings file exists, new profile?" (new Error("", "(unknown module)"))
1607707059180	Marionette	INFO	Listening on port 64828
1607707059629	Marionette	WARN	TLS certificate errors will be ignored for this session
1607707072995	Marionette	INFO	Stopped listening on port 64828

###!!! [Child][RunMessage] Error: Channel closing: too late to send/recv, messages will be lost


###!!! [Child][MessageChannel::SendAndWait] Error: Channel error: cannot send/recv

1607707075764	geckodriver	INFO	Listening on 127.0.0.1:64876
1607707078828	mozrunner::runner	INFO	Running command: "C:\\Program Files\\Mozilla Firefox\\firefox.exe" "--marionette" "-foreground" "-no-remote" "-profile" "C:\\Users\\DEMETR~1\\AppData\\Local\\Temp\\rust_mozprofileeqlrZ2"
Can't find symbol 'eglSwapBuffersWithDamageEXT'.
Can't find symbol 'eglSetDamageRegionKHR'.
JavaScript error: resource://gre/modules/XULStore.jsm, line 66: Error: Can't find profile directory.
console.warn: SearchSettings: "get: No settings file exists, new profile?" (new Error("", "(unknown module)"))
1607707080882	Marionette	INFO	Listening on port 64885
1607707080994	Marionette	WARN	TLS certificate errors will be ignored for this session
1607707095570	Marionette	INFO	Stopped listening on port 64885

###!!! [Child][RunMessage] Error: Channel closing: too late to send/recv, messages will be lost


###!!! [Child][MessageChannel::SendAndWait] Error: Channel error: cannot send/recv

1607707097431	geckodriver	INFO	Listening on 127.0.0.1:64940
1607707100504	mozrunner::runner	INFO	Running command: "C:\\Program Files\\Mozilla Firefox\\firefox.exe" "--marionette" "-foreground" "-no-remote" "-profile" "C:\\Users\\DEMETR~1\\AppData\\Local\\Temp\\rust_mozprofileS605ZC"
Can't find symbol 'eglSwapBuffersWithDamageEXT'.
Can't find symbol 'eglSetDamageRegionKHR'.
JavaScript error: resource://gre/modules/XULStore.jsm, line 66: Error: Can't find profile directory.
console.warn: SearchSettings: "get: No settings file exists, new profile?" (new Error("", "(unknown module)"))
1607707102231	Marionette	INFO	Listening on port 64948
1607707102557	Marionette	WARN	TLS certificate errors will be ignored for this session
1607707110823	Marionette	INFO	Stopped listening on port 64948

###!!! [Child][RunMessage] Error: Channel closing: too late to send/recv, messages will be lost


###!!! [Child][MessageChannel::SendAndWait] Error: Channel error: cannot send/recv

1607707116089	geckodriver	INFO	Listening on 127.0.0.1:65004
1607707119184	mozrunner::runner	INFO	Running command: "C:\\Program Files\\Mozilla Firefox\\firefox.exe" "--marionette" "-foreground" "-no-remote" "-profile" "C:\\Users\\DEMETR~1\\AppData\\Local\\Temp\\rust_mozprofile6G0Xlf"
Can't find symbol 'eglSwapBuffersWithDamageEXT'.
Can't find symbol 'eglSetDamageRegionKHR'.
JavaScript error: resource://gre/modules/XULStore.jsm, line 66: Error: Can't find profile directory.
console.warn: SearchSettings: "get: No settings file exists, new profile?" (new Error("", "(unknown module)"))
1607707120803	Marionette	INFO	Listening on port 65012
1607707121237	Marionette	WARN	TLS certificate errors will be ignored for this session
1607707144364	Marionette	INFO	Stopped listening on port 65011607707145103	mozrunner::runner	INFO	Running command: "C:\\Program Files\\Mozilla Firefox\\firefox.exe" "--marionette" "-foreground" "-no-remote" "-profile" "C:\\Users\\DEMETR~1\\AppData\\Local\\Temp\\rust_mozprofilel1ILje"
Can't find symbol 'eglSwapBuffersWithDamageEXT'.
Can't find symbol 'eglSetDamageRegionKHR'.
JavaScript error: resource://gre/modules/XULStore.jsm, line 66: Error: Can't find profile directory.
console.warn: SearchSettings: "get: No settings file exists, new profile?" (new Error("", "(unknown module)"))
1607707146814	Marionette	INFO	Listening on port 65082
1607707147360	Marionette	WARN	TLS certificate errors will be ignored for this session
1607707159630	Marionette	INFO	Stopped listening on port 65082

###!!! [Child][RunMessage] Error: Channel closing: too late to send/recv, messages will be lost


###!!! [Child][MessageChannel::SendAndWait] Error: Channel error: cannot send/recv

1607707161274	geckodriver	INFO	Listening on 127.0.0.1:65160
1607707164351	mozrunner::runner	INFO	Running command: "C:\\Program Files\\Mozilla Firefox\\firefox.exe" "--marionette" "-foreground" "-no-remote" "-profile" "C:\\Users\\DEMETR~1\\AppData\\Local\\Temp\\rust_mozprofile2APiAM"
Can't find symbol 'eglSwapBuffersWithDamageEXT'.
Can't find symbol 'eglSetDamageRegionKHR'.
JavaScript error: resource://gre/modules/XULStore.jsm, line 66: Error: Can't find profile directory.
console.warn: SearchSettings: "get: No settings file exists, new profile?" (new Error("", "(unknown module)"))
1607707166038	Marionette	INFO	Listening on port 65170
1607707166406	Marionette	WARN	TLS certificate errors will be ignored for this session
1607707174267	Marionette	INFO	Stopped listening on port 65170

###!!! [Child][RunMessage] Error: Channel closing: too late to send/recv, messages will be lost


###!!! [Child][MessageChannel::SendAndWait] Error: Channel error: cannot send/recv

1607707175825	geckodriver	INFO	Listening on 127.0.0.1:65220
1607707178885	mozrunner::runner	INFO	Running command: "C:\\Program Files\\Mozilla Firefox\\firefox.exe" "--marionette" "-foreground" "-no-remote" "-profile" "C:\\Users\\DEMETR~1\\AppData\\Local\\Temp\\rust_mozprofileVnyFB8"
Can't find symbol 'eglSwapBuffersWithDamageEXT'.
Can't find symbol 'eglSetDamageRegionKHR'.
JavaScript error: resource://gre/modules/XULStore.jsm, line 66: Error: Can't find profile directory.
console.warn: SearchSettings: "get: No settings file exists, new profile?" (new Error("", "(unknown module)"))
1607707180636	Marionette	INFO	Listening on port 65236
1607707180987	Marionette	WARN	TLS certificate errors will be ignored for this session
1607711980900	Marionette	INFO	Stopped listening on port 65236

###!!! [Child][RunMessage] Error: Channel closing: too late to send/recv, messages will be lost


###!!! [Child][MessageChannel::SendAndWait] Error: Channel error: cannot send/recv

l\\Temp\\rust_mozprofileiAvRIg"
Can't find symbol 'eglSwapBuffersWithDamageEXT'.
Can't find symbol 'eglSetDamageRegionKHR'.
JavaScript error: resource://gre/modules/XULStore.jsm, line 66: Error: Can't find profile directory.
console.warn: SearchSettings: "get: No settings file exists, new profile?" (new Error("", "(unknown module)"))
1607707200015	Marionette	INFO	Listening on port 65310
1607707200379	Marionette	WARN	TLS certificate errors will be ignored for this session
1607707216384	Marionette	INFO	Stopped listening on port 65310

###!!! [Child][RunMessage] Error: Channel closing: too late to send/recv, messages will be lost


###!!! [Child][MessageChannel::SendAndWait] Error: Channel error: cannot send/recv

1607707218163	geckodriver	INFO	Listening on 127.0.0.1:65375
1607707221230	mozrunner::runner	INFO	Running command: "C:\\Program Files\\Mozilla Firefox\\firefox.exe" "--marionette" "-foreground" "-no-remote" "-profile" "C:\\Users\\DEMETR~1\\AppData\\Local\\Temp\\rust_mozprofileQefUEL"
Can't find symbol 'eglSwapBuffersWithDamageEXT'.
Can't find symbol 'eglSetDamageRegionKHR'.
JavaScript error: resource://gre/modules/XULStore.jsm, line 66: Error: Can't find profile directory.
console.warn: SearchSettings: "get: No settings file exists, new profile?" (new Error("", "(unknown module)"))
1607707223122	Marionette	INFO	Listening on port 65384
1607707223301	Marionette	WARN	TLS certificate errors will be ignored for this session
1607707232115	Marionette	INFO	Stopped listening on port 65384

###!!! [Child][RunMessage] Error: Channel closing: too late to send/recv, messages will be lost


###!!! [Child][MessageChannel::SendAndWait] Error: Channel error: cannot send/recv

1607707233579	geckodriver	INFO	Listening on 127.0.0.1:65437
1607707236669	mozrunner::runner	INFO	Running command: "C:\\Program Files\\Mozilla Firefox\\firefox.exe" "--marionette" "-foreground" "-no-remote" "-profile" "C:\\Users\\DEMETR~1\\AppData\\Local\\Temp\\rust_mozprofileMVAB4q"
Can't find symbol 'eglSwapBuffersWithDamageEXT'.
Can't find symbol 'eglSetDamageRegionKHR'.
JavaScript error: resource://gre/modules/XULStore.jsm, line 66: Error: Can't find profile directory.
console.warn: SearchSettings: "get: No settings file exists, new profile?" (new Error("", "(unknown module)"))
1607707238334	Marionette	INFO	Listening on port 65446
1607707238736	Marionette	WARN	TLS certificate errors will be ignored for this session
1607707247551	Marionette	INFO	Stopped listening on port 65446

###!!! [Child][RunMessage] Error: Channel closing: too late to send/recv, messages will be lost


###!!! [Child][MessageChannel::SendAndWait] Error: Channel error: cannot send/recv

1607707248699	geckodriver	INFO	Listening on 127.0.0.1:65499
1607707251765	mozrunner::runner	INFO	Running command: "C:\\Program Files\\Mozilla Firefox\\firefox.exe" "--marionette" "-foreground" "-no-remote" "-profile" "C:\\Users\\DEMETR~1\\AppData\\Local\\Temp\\rust_mozprofileGdDVxj"
Can't find symbol 'eglSwapBuffersWithDamageEXT'.
Can't find symbol 'eglSetDamageRegionKHR'.
JavaScript error: resource://gre/modules/XULStore.jsm, line 66: Error: Can't find profile directory.
console.warn: SearchSettings: "get: No settings file exists, new profile?" (new Error("", "(unknown module)"))
1607707253460	Marionette	INFO	Listening on port 65509
1607707253824	Marionette	WARN	TLS certificate errors will be ignored for this session
1607707380169	Marionette	INFO	Stopped listening on port 65509

###!!! [Child][RunMessage] Error: Channel closing: too late to send/recv, messages will be lost


###!!! [Child][MessageChannel::SendAndWait] Error: Channel error: cannot send/recv

1607711904177	geckodriver	INFO	Listening on 127.0.0.1:51868
1607711907345	mozrunner::runner	INFO	Running command: "C:\\Program Files\\Mozilla Firefox\\firefox.exe" "--marionette" "-foreground" "-no-remote" "-profile" "C:\\Users\\DEMETR~1\\AppData\\Local\\Temp\\rust_mozprofileygVLIa"
Can't find symbol 'eglSwapBuffersWithDamageEXT'.
Can't find symbol 'eglSetDamageRegionKHR'.
JavaScript error: resource://gre/modules/XULStore.jsm, line 66: Error: Can't find profile directory.
console.warn: SearchSettings: "get: No settings file exists, new profile?" (new Error("", "(unknown module)"))
1607711909493	Marionette	INFO	Listening on port 51878
1607711909539	Marionette	WARN	TLS certificate errors will be ignored for this session
1607711936637	Marionette	INFO	Stopped listening on port 51878

###!!! [Child][RunMessage] Error: Channel closing: too late to send/recv, messages will be lost


###!!! [Child][MessageChannel::SendAndWait] Error: Channel error: cannot send/recv

1607711974014	geckodriver	INFO	Listening on 127.0.0.1:52026
1607711977093	mozrunner::runner	INFO	Running command: "C:\\Program Files\\Mozilla Firefox\\firefox.exe" "--marionette" "-foreground" "-no-remote" "-profile" "C:\\Users\\DEMETR~1\\AppData\\Local\\Temp\\rust_mozprofilePgmTnm"
Can't find symbol 'eglSwapBuffersWithDamageEXT'.
Can't find symbol 'eglSetDamageRegionKHR'.
JavaScript error: resource://gre/modules/XULStore.jsm, line 66: Error: Can't find profile directory.
console.warn: SearchSettings: "get: No settings file exists, new profile?" (new Error("", "(unknown module)"))
1607711978854	Marionette	INFO	Listening on port 52034
1607711979149	Marionette	WARN	TLS certificate errors will be ignored for this session
1607711993561	Marionette	INFO	Stopped listening on port 52034

###!!! [Child][RunMessage] Error: Channel closing: too late to send/recv, messages will be lost


###!!! [Child][MessageChannel::SendAndWait] Error: Channel error: cannot send/recv

1607711995211	geckodriver	INFO	Listening on 127.0.0.1:52086
1607711998292	mozrunner::runner	INFO	Running command: "C:\\Program Files\\Mozilla Firefox\\firefox.exe" "--marionette" "-foreground" "-no-remote" "-profile" "C:\\Users\\DEMETR~1\\AppData\\Local\\Temp\\rust_mozprofileJ1kLtd"
Can't find symbol 'eglSwapBuffersWithDamageEXT'.
Can't find symbol 'eglSetDamageRegionKHR'.
JavaScript error: resource://gre/modules/XULStore.jsm, line 66: Error: Can't find profile directory.
console.warn: SearchSettings: "get: No settings file exists, new profile?" (new Error("", "(unknown module)"))
1607711999981	Marionette	INFO	Listening on port 52094
1607712000367	Marionette	WARN	TLS certificate errors will be ignored for this session
1607712040390	Marionette	INFO	Stopped listening on port 52094

###!!! [Child][RunMessage] Error: Channel closing: too late to send/recv, messages will be lost


###!!! [Child][MessageChannel::SendAndWait] Error: Channel error: cannot send/recv

l\\Temp\\rust_mozprofiledz2MOK"
Can't find symbol 'eglSwapBuffersWithDamageEXT'.
Can't find symbol 'eglSetDamageRegionKHR'.
JavaScript error: resource://gre/modules/XULStore.jsm, line 66: Error: Can't find profile directory.
console.warn: SearchSettings: "get: No settings file exists, new profile?" (new Error("", "(unknown module)"))
1607712013701	Marionette	INFO	Listening on port 52153
1607712014013	Marionette	WARN	TLS certificate errors will be ignored for this session
1607712022081	Marionette	INFO	Stopped listening on port 52153

###!!! [Child][RunMessage] Error: Channel closing: too late to send/recv, messages will be lost


###!!! [Child][MessageChannel::SendAndWait] Error: Channel error: cannot send/recv

1607712022766	geckodriver	INFO	Listening on 127.0.0.1:52204
1607712025823	mozrunner::runner	INFO	Running command: "C:\\Program Files\\Mozilla Firefox\\firefox.exe" "--marionette" "-foreground" "-no-remote" "-profile" "C:\\Users\\DEMETR~1\\AppData\\Local\\Temp\\rust_mozprofilefEMGdH"
Can't find symbol 'eglSwapBuffersWithDamageEXT'.
Can't find symbol 'eglSetDamageRegionKHR'.
JavaScript error: resource://gre/modules/XULStore.jsm, line 66: Error: Can't find profile directory.
console.warn: SearchSettings: "get: No settings file exists, new profile?" (new Error("", "(unknown module)"))
1607712027593	Marionette	INFO	Listening on port 52212
1607712027877	Marionette	WARN	TLS certificate errors will be ignored for this session
1607712034232	Marionette	INFO	Stopped listening on port 52212

###!!! [Child][RunMessage] Error: Channel closing: too late to send/recv, messages will be lost


###!!! [Child][MessageChannel::SendAndWait] Error: Channel error: cannot send/recv

1607712035797	geckodriver	INFO	Listening on 127.0.0.1:52261
1607712038854	mozrunner::runner	INFO	Running command: "C:\\Program Files\\Mozilla Firefox\\firefox.exe" "--marionette" "-foreground" "-no-remote" "-profile" "C:\\Users\\DEMETR~1\\AppData\\Local\\Temp\\rust_mozprofileny3R8S"
Can't find symbol 'eglSwapBuffersWithDamageEXT'.
Can't find symbol 'eglSetDamageRegionKHR'.
JavaScript error: resource://gre/modules/XULStore.jsm, line 66: Error: Can't find profile directory.
console.warn: SearchSettings: "get: No settings file exists, new profile?" (new Error("", "(unknown module)"))
1607712040639	Marionette	INFO	Listening on port 52270
1607712040926	Marionette	WARN	TLS certificate errors will be ignored for this session
1607712047352	Marionette	INFO	Stopped listening on port 52270

###!!! [Child][RunMessage] Error: Channel closing: too late to send/recv, messages will be lost


###!!! [Child][MessageChannel::SendAndWait] Error: Channel error: cannot send/recv

1607712048923	geckodriver	INFO	Listening on 127.0.0.1:52320
1607712052020	mozrunner::runner	INFO	Running command: "C:\\Program Files\\Mozilla Firefox\\firefox.exe" "--marionette" "-foreground" "-no-remote" "-profile" "C:\\Users\\DEMETR~1\\AppData\\Local\\Temp\\rust_mozprofileQdf25g"
Can't find symbol 'eglSwapBuffersWithDamageEXT'.
Can't find symbol 'eglSetDamageRegionKHR'.
JavaScript error: resource://gre/modules/XULStore.jsm, line 66: Error: Can't find profile directory.
console.warn: SearchSettings: "get: No settings file exists, new profile?" (new Error("", "(unknown module)"))
1607712053660	Marionette	INFO	Listening on port 52328
1607712054065	Marionette	WARN	TLS certificate errors will be ignored for this session
1607712061266	Marionette	INFO	Stopped listening on port 52328

###!!! [Child][MessageChannel::SendAndWait] Error: Channel error: cannot send/recv

1607714018671	geckodriver	INFO	Listening on 127.0.0.1:53228
1607714021727	mozrunner::runner	INFO	Running command: "C:\\Program Files\\Mozilla Firefox\\firefox.exe" "--marionette" "-foreground" "-no-remote" "-profile" "C:\\Users\\DEMETR~1\\AppData\\Local\\Temp\\rust_mozprofileSUnpup"
Can't find symbol 'eglSwapBuffersWithDamageEXT'.
Can't find symbol 'eglSetDamageRegionKHR'.
JavaScript error: resource://gre/modules/XULStore.jsm, line 66: Error: Can't find profile directory.
console.warn: SearchSettings: "get: No settings file exists, new profile?" (new Error("", "(unknown module)"))
1607714023448	Marionette	INFO	Listening on port 53236
1607714023768	Marionette	WARN	TLS certificate errors will be ignored for this session
1607714031922	Marionette	INFO	Stopped listening on port 53236

###!!! [Child][RunMessage] Error: Channel closing: too late to send/recv, messages will be lost


###!!! [Child][MessageChannel::SendAndWait] Error: Channel error: cannot send/recv

1607714351126	geckodriver	INFO	Listening on 127.0.0.1:53447
1607714354218	mozrunner::runner	INFO	Running command: "C:\\Program Files\\Mozilla Firefox\\firefox.exe" "--marionette" "-foreground" "-no-remote" "-profile" "C:\\Users\\DEMETR~1\\AppData\\Local\\Temp\\rust_mozprofileNtcRc6"
Can't find symbol 'eglSwapBuffersWithDamageEXT'.
Can't find symbol 'eglSetDamageRegionKHR'.
JavaScript error: resource://gre/modules/XULStore.jsm, line 66: Error: Can't find profile directory.
console.warn: SearchSettings: "get: No settings file exists, new profile?" (new Error("", "(unknown module)"))
1607714355866	Marionette	INFO	Listening on port 53455
1607714356276	Marionette	WARN	TLS certificate errors will be ignored for this session
1607714361923	Marionette	INFO	Stopped listening on port 53455

###!!! [Child][RunMessage] Error: Channel closing: too late to send/recv, messages will be lost


###!!! [Child][MessageChannel::SendAndWait] Error: Channel error: cannot send/recv

